2016-07-11 15:47:27,991 - Resource Loader Instantiated: org.apache.velocity.runtime.resource.loader.ClasspathResourceLoader
2016-07-11 15:47:27,992 - ClasspathResourceLoader : initialization starting.
2016-07-11 15:47:27,992 - ClasspathResourceLoader : initialization complete.
2016-07-11 15:47:27,997 - ResourceCache : initialized. (class org.apache.velocity.runtime.resource.ResourceCacheImpl)
2016-07-11 15:47:27,998 - Default ResourceManager initialization complete.
2016-07-11 15:47:28,004 - Loaded System Directive: org.apache.velocity.runtime.directive.Literal
2016-07-11 15:47:28,009 - Loaded System Directive: org.apache.velocity.runtime.directive.Macro
2016-07-11 15:47:28,017 - Loaded System Directive: org.apache.velocity.runtime.directive.Parse
2016-07-11 15:47:28,024 - Loaded System Directive: org.apache.velocity.runtime.directive.Include
2016-07-11 15:47:28,027 - Loaded System Directive: org.apache.velocity.runtime.directive.Foreach
2016-07-11 15:47:28,085 - Created: 20 parsers.
2016-07-11 15:47:28,102 - Velocimacro : initialization starting.
2016-07-11 15:47:28,102 - Velocimacro : adding VMs from VM library template : VM_global_library.vm
2016-07-11 15:47:28,115 - ResourceManager : unable to find resource 'VM_global_library.vm' in any resource loader.
2016-07-11 15:47:28,115 - Velocimacro : error using  VM library template VM_global_library.vm : org.apache.velocity.exception.ResourceNotFoundException: Unable to find resource 'VM_global_library.vm'
2016-07-11 15:47:28,116 - Velocimacro :  VM library template macro registration complete.
2016-07-11 15:47:28,116 - Velocimacro : allowInline = true : VMs can be defined inline in templates
2016-07-11 15:47:28,116 - Velocimacro : allowInlineToOverride = false : VMs defined inline may NOT replace previous VM definitions
2016-07-11 15:47:28,116 - Velocimacro : allowInlineLocal = false : VMs defined inline will be  global in scope if allowed.
2016-07-11 15:47:28,116 - Velocimacro : messages on  : VM system will output logging messages
2016-07-11 15:47:28,116 - Velocimacro : autoload off  : VM system will not automatically reload global library macros
2016-07-11 15:47:28,116 - Velocimacro : initialization complete.
2016-07-11 15:47:28,116 - Velocity successfully started.
2016-07-12 14:58:55,126 - SimpleLog4JLogSystem initialized using logfile 'velocity.log'
2016-07-12 14:58:55,126 - ************************************************************** 
2016-07-12 14:58:55,126 - Starting Jakarta Velocity v1.4
2016-07-12 14:58:55,126 - RuntimeInstance initializing.
2016-07-12 14:58:55,126 - Default Properties File: org\apache\velocity\runtime\defaults\velocity.properties
2016-07-12 14:58:55,126 - Trying to use logger class org.apache.velocity.runtime.log.SimpleLog4JLogSystem
2016-07-12 14:58:55,126 - Using logger class org.apache.velocity.runtime.log.SimpleLog4JLogSystem
2016-07-12 14:58:55,126 - Default ResourceManager initializing. (class org.apache.velocity.runtime.resource.ResourceManagerImpl)
2016-07-12 14:58:55,142 - Resource Loader Instantiated: org.apache.velocity.runtime.resource.loader.ClasspathResourceLoader
2016-07-12 14:58:55,142 - ClasspathResourceLoader : initialization starting.
2016-07-12 14:58:55,142 - ClasspathResourceLoader : initialization complete.
2016-07-12 14:58:55,142 - ResourceCache : initialized. (class org.apache.velocity.runtime.resource.ResourceCacheImpl)
2016-07-12 14:58:55,142 - Default ResourceManager initialization complete.
2016-07-12 14:58:55,142 - Loaded System Directive: org.apache.velocity.runtime.directive.Literal
2016-07-12 14:58:55,142 - Loaded System Directive: org.apache.velocity.runtime.directive.Macro
2016-07-12 14:58:55,142 - Loaded System Directive: org.apache.velocity.runtime.directive.Parse
2016-07-12 14:58:55,158 - Loaded System Directive: org.apache.velocity.runtime.directive.Include
2016-07-12 14:58:55,158 - Loaded System Directive: org.apache.velocity.runtime.directive.Foreach
2016-07-12 14:58:55,180 - Created: 20 parsers.
2016-07-12 14:58:55,195 - Velocimacro : initialization starting.
2016-07-12 14:58:55,195 - Velocimacro : adding VMs from VM library template : VM_global_library.vm
2016-07-12 14:58:55,195 - ResourceManager : unable to find resource 'VM_global_library.vm' in any resource loader.
2016-07-12 14:58:55,195 - Velocimacro : error using  VM library template VM_global_library.vm : org.apache.velocity.exception.ResourceNotFoundException: Unable to find resource 'VM_global_library.vm'
2016-07-12 14:58:55,195 - Velocimacro :  VM library template macro registration complete.
2016-07-12 14:58:55,195 - Velocimacro : allowInline = true : VMs can be defined inline in templates
2016-07-12 14:58:55,195 - Velocimacro : allowInlineToOverride = false : VMs defined inline may NOT replace previous VM definitions
2016-07-12 14:58:55,195 - Velocimacro : allowInlineLocal = false : VMs defined inline will be  global in scope if allowed.
2016-07-12 14:58:55,195 - Velocimacro : messages on  : VM system will output logging messages
2016-07-12 14:58:55,195 - Velocimacro : autoload off  : VM system will not automatically reload global library macros
2016-07-12 14:58:55,195 - Velocimacro : initialization complete.
2016-07-12 14:58:55,195 - Velocity successfully started.
2016-07-12 16:58:53,214 - SimpleLog4JLogSystem initialized using logfile 'velocity.log'
2016-07-12 16:58:53,215 - ************************************************************** 
2016-07-12 16:58:53,215 - Starting Jakarta Velocity v1.4
2016-07-12 16:58:53,215 - RuntimeInstance initializing.
2016-07-12 16:58:53,215 - Default Properties File: org\apache\velocity\runtime\defaults\velocity.properties
2016-07-12 16:58:53,215 - Trying to use logger class org.apache.velocity.runtime.log.SimpleLog4JLogSystem
2016-07-12 16:58:53,215 - Using logger class org.apache.velocity.runtime.log.SimpleLog4JLogSystem
2016-07-12 16:58:53,221 - Default ResourceManager initializing. (class org.apache.velocity.runtime.resource.ResourceManagerImpl)
2016-07-12 16:58:53,227 - Resource Loader Instantiated: org.apache.velocity.runtime.resource.loader.ClasspathResourceLoader
2016-07-12 16:58:53,227 - ClasspathResourceLoader : initialization starting.
2016-07-12 16:58:53,227 - ClasspathResourceLoader : initialization complete.
2016-07-12 16:58:53,231 - ResourceCache : initialized. (class org.apache.velocity.runtime.resource.ResourceCacheImpl)
2016-07-12 16:58:53,231 - Default ResourceManager initialization complete.
2016-07-12 16:58:53,236 - Loaded System Directive: org.apache.velocity.runtime.directive.Literal
2016-07-12 16:58:53,240 - Loaded System Directive: org.apache.velocity.runtime.directive.Macro
2016-07-12 16:58:53,245 - Loaded System Directive: org.apache.velocity.runtime.directive.Parse
2016-07-12 16:58:53,249 - Loaded System Directive: org.apache.velocity.runtime.directive.Include
2016-07-12 16:58:53,252 - Loaded System Directive: org.apache.velocity.runtime.directive.Foreach
2016-07-12 16:58:53,307 - Created: 20 parsers.
2016-07-12 16:58:53,323 - Velocimacro : initialization starting.
2016-07-12 16:58:53,323 - Velocimacro : adding VMs from VM library template : VM_global_library.vm
2016-07-12 16:58:53,338 - ResourceManager : unable to find resource 'VM_global_library.vm' in any resource loader.
2016-07-12 16:58:53,338 - Velocimacro : error using  VM library template VM_global_library.vm : org.apache.velocity.exception.ResourceNotFoundException: Unable to find resource 'VM_global_library.vm'
2016-07-12 16:58:53,338 - Velocimacro :  VM library template macro registration complete.
2016-07-12 16:58:53,338 - Velocimacro : allowInline = true : VMs can be defined inline in templates
2016-07-12 16:58:53,338 - Velocimacro : allowInlineToOverride = false : VMs defined inline may NOT replace previous VM definitions
2016-07-12 16:58:53,338 - Velocimacro : allowInlineLocal = false : VMs defined inline will be  global in scope if allowed.
2016-07-12 16:58:53,338 - Velocimacro : messages on  : VM system will output logging messages
2016-07-12 16:58:53,338 - Velocimacro : autoload off  : VM system will not automatically reload global library macros
2016-07-12 16:58:53,338 - Velocimacro : initialization complete.
2016-07-12 16:58:53,338 - Velocity successfully started.
2016-07-13 23:32:30,091 - SimpleLog4JLogSystem initialized using logfile 'velocity.log'
2016-07-13 23:32:30,091 - ************************************************************** 
2016-07-13 23:32:30,091 - Starting Jakarta Velocity v1.4
2016-07-13 23:32:30,091 - RuntimeInstance initializing.
2016-07-13 23:32:30,091 - Default Properties File: org\apache\velocity\runtime\defaults\velocity.properties
2016-07-13 23:32:30,091 - Trying to use logger class org.apache.velocity.runtime.log.SimpleLog4JLogSystem
2016-07-13 23:32:30,091 - Using logger class org.apache.velocity.runtime.log.SimpleLog4JLogSystem
2016-07-13 23:32:30,107 - Default ResourceManager initializing. (class org.apache.velocity.runtime.resource.ResourceManagerImpl)
2016-07-13 23:32:30,107 - Resource Loader Instantiated: org.apache.velocity.runtime.resource.loader.ClasspathResourceLoader
2016-07-13 23:32:30,107 - ClasspathResourceLoader : initialization starting.
2016-07-13 23:32:30,107 - ClasspathResourceLoader : initialization complete.
2016-07-13 23:32:30,107 - ResourceCache : initialized. (class org.apache.velocity.runtime.resource.ResourceCacheImpl)
2016-07-13 23:32:30,107 - Default ResourceManager initialization complete.
2016-07-13 23:32:30,107 - Loaded System Directive: org.apache.velocity.runtime.directive.Literal
2016-07-13 23:32:30,123 - Loaded System Directive: org.apache.velocity.runtime.directive.Macro
2016-07-13 23:32:30,123 - Loaded System Directive: org.apache.velocity.runtime.directive.Parse
2016-07-13 23:32:30,123 - Loaded System Directive: org.apache.velocity.runtime.directive.Include
2016-07-13 23:32:30,123 - Loaded System Directive: org.apache.velocity.runtime.directive.Foreach
2016-07-13 23:32:30,161 - Created: 20 parsers.
2016-07-13 23:32:30,161 - Velocimacro : initialization starting.
2016-07-13 23:32:30,161 - Velocimacro : adding VMs from VM library template : VM_global_library.vm
2016-07-13 23:32:30,176 - ResourceManager : unable to find resource 'VM_global_library.vm' in any resource loader.
2016-07-13 23:32:30,176 - Velocimacro : error using  VM library template VM_global_library.vm : org.apache.velocity.exception.ResourceNotFoundException: Unable to find resource 'VM_global_library.vm'
2016-07-13 23:32:30,176 - Velocimacro :  VM library template macro registration complete.
2016-07-13 23:32:30,176 - Velocimacro : allowInline = true : VMs can be defined inline in templates
2016-07-13 23:32:30,176 - Velocimacro : allowInlineToOverride = false : VMs defined inline may NOT replace previous VM definitions
2016-07-13 23:32:30,176 - Velocimacro : allowInlineLocal = false : VMs defined inline will be  global in scope if allowed.
2016-07-13 23:32:30,176 - Velocimacro : messages on  : VM system will output logging messages
2016-07-13 23:32:30,176 - Velocimacro : autoload off  : VM system will not automatically reload global library macros
2016-07-13 23:32:30,176 - Velocimacro : initialization complete.
2016-07-13 23:32:30,176 - Velocity successfully started.
2016-07-14 15:16:13,965 - SimpleLog4JLogSystem initialized using logfile 'velocity.log'
2016-07-14 15:16:13,966 - ************************************************************** 
2016-07-14 15:16:13,966 - Starting Jakarta Velocity v1.4
2016-07-14 15:16:13,966 - RuntimeInstance initializing.
2016-07-14 15:16:13,966 - Default Properties File: org\apache\velocity\runtime\defaults\velocity.properties
2016-07-14 15:16:13,966 - Trying to use logger class org.apache.velocity.runtime.log.SimpleLog4JLogSystem
2016-07-14 15:16:13,966 - Using logger class org.apache.velocity.runtime.log.SimpleLog4JLogSystem
2016-07-14 15:16:13,970 - Default ResourceManager initializing. (class org.apache.velocity.runtime.resource.ResourceManagerImpl)
2016-07-14 15:16:13,971 - Resource Loader Instantiated: org.apache.velocity.runtime.resource.loader.ClasspathResourceLoader
2016-07-14 15:16:13,971 - ClasspathResourceLoader : initialization starting.
2016-07-14 15:16:13,971 - ClasspathResourceLoader : initialization complete.
2016-07-14 15:16:13,971 - ResourceCache : initialized. (class org.apache.velocity.runtime.resource.ResourceCacheImpl)
2016-07-14 15:16:13,971 - Default ResourceManager initialization complete.
2016-07-14 15:16:13,971 - Loaded System Directive: org.apache.velocity.runtime.directive.Literal
2016-07-14 15:16:13,971 - Loaded System Directive: org.apache.velocity.runtime.directive.Macro
2016-07-14 15:16:13,971 - Loaded System Directive: org.apache.velocity.runtime.directive.Parse
2016-07-14 15:16:13,987 - Loaded System Directive: org.apache.velocity.runtime.directive.Include
2016-07-14 15:16:13,987 - Loaded System Directive: org.apache.velocity.runtime.directive.Foreach
2016-07-14 15:16:14,002 - Created: 20 parsers.
2016-07-14 15:16:14,018 - Velocimacro : initialization starting.
2016-07-14 15:16:14,018 - Velocimacro : adding VMs from VM library template : VM_global_library.vm
2016-07-14 15:16:14,034 - ResourceManager : unable to find resource 'VM_global_library.vm' in any resource loader.
2016-07-14 15:16:14,034 - Velocimacro : error using  VM library template VM_global_library.vm : org.apache.velocity.exception.ResourceNotFoundException: Unable to find resource 'VM_global_library.vm'
2016-07-14 15:16:14,034 - Velocimacro :  VM library template macro registration complete.
2016-07-14 15:16:14,034 - Velocimacro : allowInline = true : VMs can be defined inline in templates
2016-07-14 15:16:14,034 - Velocimacro : allowInlineToOverride = false : VMs defined inline may NOT replace previous VM definitions
2016-07-14 15:16:14,034 - Velocimacro : allowInlineLocal = false : VMs defined inline will be  global in scope if allowed.
2016-07-14 15:16:14,034 - Velocimacro : messages on  : VM system will output logging messages
2016-07-14 15:16:14,034 - Velocimacro : autoload off  : VM system will not automatically reload global library macros
2016-07-14 15:16:14,034 - Velocimacro : initialization complete.
2016-07-14 15:16:14,034 - Velocity successfully started.
